info it worked if it ends with ok
verbose cli [ 'C:\\Program Files (x86)\\NodeJS\\\\node.exe',
verbose cli   'C:\\Program Files (x86)\\NodeJS\\node_modules\\npm\\bin\\npm-cli.js',
verbose cli   'install',
verbose cli   'socket.io@1.0' ]
info using npm@1.1.0-beta-4
info using node@v0.6.6
verbose config file C:\Users\The KING\.npmrc
verbose config file C:\Program Files (x86)\NodeJS\etc\npmrc
verbose config file C:\Program Files (x86)\NodeJS\node_modules\npm\npmrc
ERR! prefix directory not found
ERR! Error: ENOENT, no such file or directory 'C:\Users\The KING\AppData\Roaming\npm'
ERR! Report this *entire* log at:
ERR!     <http://github.com/isaacs/npm/issues>
ERR! or email it to:
ERR!     <npm-@googlegroups.com>
ERR! 
ERR! System Windows_NT 6.2.9200
ERR! command "C:\\Program Files (x86)\\NodeJS\\\\node.exe" "C:\\Program Files (x86)\\NodeJS\\node_modules\\npm\\bin\\npm-cli.js" "install" "socket.io@1.0"
ERR! cwd C:\Users\The KING\Documents\NodeJS\Examples\pixtanta
ERR! node -v v0.6.6
ERR! npm -v 1.1.0-beta-4
ERR! path C:\Users\The KING\AppData\Roaming\npm
ERR! code ENOENT
ERR! message ENOENT, no such file or directory 'C:\Users\The KING\AppData\Roaming\npm'
verbose exit [ 1, true ]
